{"/Users/tayo/Intellchub_project/unittestnode/server.js": {"path":"/Users/tayo/Intellchub_project/unittestnode/server.js","statementMap":{"0":{"start":{"line":1,"column":16},"end":{"line":1,"column":34}},"1":{"start":{"line":2,"column":17},"end":{"line":2,"column":36}},"2":{"start":{"line":3,"column":11},"end":{"line":3,"column":46}},"3":{"start":{"line":5,"column":15},"end":{"line":5,"column":43}},"4":{"start":{"line":7,"column":15},"end":{"line":7,"column":24}},"5":{"start":{"line":8,"column":0},"end":{"line":8,"column":27}},"6":{"start":{"line":10,"column":0},"end":{"line":10,"column":27}},"7":{"start":{"line":12,"column":0},"end":{"line":19,"column":53}},"8":{"start":{"line":18,"column":16},"end":{"line":18,"column":55}},"9":{"start":{"line":19,"column":18},"end":{"line":19,"column":51}},"10":{"start":{"line":21,"column":0},"end":{"line":21,"column":24}}},"fnMap":{"0":{"name":"(anonymous_0)","decl":{"start":{"line":18,"column":10},"end":{"line":18,"column":11}},"loc":{"start":{"line":18,"column":16},"end":{"line":18,"column":55}},"line":18},"1":{"name":"(anonymous_1)","decl":{"start":{"line":19,"column":11},"end":{"line":19,"column":12}},"loc":{"start":{"line":19,"column":18},"end":{"line":19,"column":51}},"line":19}},"branchMap":{},"s":{"0":1,"1":1,"2":1,"3":1,"4":1,"5":1,"6":1,"7":1,"8":1,"9":0,"10":1},"f":{"0":1,"1":0},"b":{},"_coverageSchema":"1a1c01bbd47fc00a2c39e90264f33305004495a9","hash":"a8a7942e39fa83be49509b6db4f1e0ba3ec60906"}
,"/Users/tayo/Intellchub_project/unittestnode/controller/postcontroller.js": {"path":"/Users/tayo/Intellchub_project/unittestnode/controller/postcontroller.js","statementMap":{"0":{"start":{"line":1,"column":13},"end":{"line":1,"column":42}},"1":{"start":{"line":4,"column":0},"end":{"line":12,"column":2}},"2":{"start":{"line":5,"column":19},"end":{"line":5,"column":27}},"3":{"start":{"line":6,"column":24},"end":{"line":6,"column":46}},"4":{"start":{"line":7,"column":22},"end":{"line":7,"column":46}},"5":{"start":{"line":8,"column":4},"end":{"line":11,"column":5}},"6":{"start":{"line":9,"column":8},"end":{"line":10,"column":29}},"7":{"start":{"line":14,"column":0},"end":{"line":24,"column":2}},"8":{"start":{"line":15,"column":20},"end":{"line":15,"column":37}},"9":{"start":{"line":16,"column":26},"end":{"line":16,"column":63}},"10":{"start":{"line":17,"column":4},"end":{"line":23,"column":5}},"11":{"start":{"line":18,"column":8},"end":{"line":19,"column":32}},"12":{"start":{"line":21,"column":8},"end":{"line":22,"column":36}},"13":{"start":{"line":25,"column":0},"end":{"line":37,"column":2}},"14":{"start":{"line":26,"column":22},"end":{"line":26,"column":69}},"15":{"start":{"line":27,"column":4},"end":{"line":35,"column":5}},"16":{"start":{"line":28,"column":8},"end":{"line":28,"column":42}},"17":{"start":{"line":29,"column":8},"end":{"line":29,"column":31}},"18":{"start":{"line":30,"column":8},"end":{"line":31,"column":28}},"19":{"start":{"line":33,"column":8},"end":{"line":34,"column":42}},"20":{"start":{"line":39,"column":0},"end":{"line":49,"column":2}},"21":{"start":{"line":40,"column":24},"end":{"line":40,"column":70}},"22":{"start":{"line":41,"column":4},"end":{"line":47,"column":5}},"23":{"start":{"line":42,"column":8},"end":{"line":43,"column":23}},"24":{"start":{"line":45,"column":8},"end":{"line":46,"column":42}}},"fnMap":{"0":{"name":"(anonymous_0)","decl":{"start":{"line":4,"column":22},"end":{"line":4,"column":23}},"loc":{"start":{"line":4,"column":48},"end":{"line":12,"column":1}},"line":4},"1":{"name":"(anonymous_1)","decl":{"start":{"line":14,"column":22},"end":{"line":14,"column":23}},"loc":{"start":{"line":14,"column":48},"end":{"line":24,"column":1}},"line":14},"2":{"name":"(anonymous_2)","decl":{"start":{"line":25,"column":21},"end":{"line":25,"column":22}},"loc":{"start":{"line":25,"column":47},"end":{"line":37,"column":1}},"line":25},"3":{"name":"(anonymous_3)","decl":{"start":{"line":39,"column":22},"end":{"line":39,"column":23}},"loc":{"start":{"line":39,"column":48},"end":{"line":49,"column":1}},"line":39}},"branchMap":{"0":{"loc":{"start":{"line":8,"column":4},"end":{"line":11,"column":5}},"type":"if","locations":[{"start":{"line":8,"column":4},"end":{"line":11,"column":5}},{"start":{"line":8,"column":4},"end":{"line":11,"column":5}}],"line":8},"1":{"loc":{"start":{"line":17,"column":4},"end":{"line":23,"column":5}},"type":"if","locations":[{"start":{"line":17,"column":4},"end":{"line":23,"column":5}},{"start":{"line":17,"column":4},"end":{"line":23,"column":5}}],"line":17},"2":{"loc":{"start":{"line":27,"column":4},"end":{"line":35,"column":5}},"type":"if","locations":[{"start":{"line":27,"column":4},"end":{"line":35,"column":5}},{"start":{"line":27,"column":4},"end":{"line":35,"column":5}}],"line":27},"3":{"loc":{"start":{"line":41,"column":4},"end":{"line":47,"column":5}},"type":"if","locations":[{"start":{"line":41,"column":4},"end":{"line":47,"column":5}},{"start":{"line":41,"column":4},"end":{"line":47,"column":5}}],"line":41}},"s":{"0":1,"1":1,"2":1,"3":1,"4":1,"5":1,"6":1,"7":1,"8":1,"9":1,"10":1,"11":1,"12":0,"13":1,"14":1,"15":1,"16":1,"17":1,"18":1,"19":0,"20":1,"21":1,"22":1,"23":1,"24":0},"f":{"0":1,"1":1,"2":1,"3":1},"b":{"0":[1,0],"1":[1,0],"2":[1,0],"3":[1,0]},"_coverageSchema":"1a1c01bbd47fc00a2c39e90264f33305004495a9","hash":"df2324e8fd24757b287e612b71775305f9c6dc99"}
,"/Users/tayo/Intellchub_project/unittestnode/model/testmodel.js": {"path":"/Users/tayo/Intellchub_project/unittestnode/model/testmodel.js","statementMap":{"0":{"start":{"line":1,"column":17},"end":{"line":1,"column":36}},"1":{"start":{"line":2,"column":15},"end":{"line":2,"column":30}},"2":{"start":{"line":4,"column":22},"end":{"line":14,"column":22}},"3":{"start":{"line":15,"column":14},"end":{"line":15,"column":64}},"4":{"start":{"line":16,"column":0},"end":{"line":16,"column":23}}},"fnMap":{},"branchMap":{},"s":{"0":1,"1":1,"2":1,"3":1,"4":1},"f":{},"b":{},"_coverageSchema":"1a1c01bbd47fc00a2c39e90264f33305004495a9","hash":"20b404131784dce43686e911069aaeec9c667508"}
,"/Users/tayo/Intellchub_project/unittestnode/route/postroute.js": {"path":"/Users/tayo/Intellchub_project/unittestnode/route/postroute.js","statementMap":{"0":{"start":{"line":1,"column":16},"end":{"line":1,"column":34}},"1":{"start":{"line":2,"column":15},"end":{"line":2,"column":31}},"2":{"start":{"line":3,"column":13},"end":{"line":3,"column":52}},"3":{"start":{"line":6,"column":0},"end":{"line":6,"column":46}},"4":{"start":{"line":7,"column":0},"end":{"line":7,"column":42}},"5":{"start":{"line":8,"column":0},"end":{"line":8,"column":42}},"6":{"start":{"line":9,"column":0},"end":{"line":9,"column":48}},"7":{"start":{"line":12,"column":0},"end":{"line":12,"column":23}}},"fnMap":{},"branchMap":{},"s":{"0":1,"1":1,"2":1,"3":1,"4":1,"5":1,"6":1,"7":1},"f":{},"b":{},"_coverageSchema":"1a1c01bbd47fc00a2c39e90264f33305004495a9","hash":"ca80841f909cc255a57f392101894f2d9987bd6a"}
}
