TN:
SF:server.js
FN:18,(anonymous_0)
FN:19,(anonymous_1)
FNF:2
FNH:1
FNDA:1,(anonymous_0)
FNDA:0,(anonymous_1)
DA:1,1
DA:2,1
DA:3,1
DA:5,1
DA:7,1
DA:8,1
DA:10,1
DA:12,1
DA:18,1
DA:19,0
DA:21,1
LF:11
LH:10
BRF:0
BRH:0
end_of_record
TN:
SF:controller/postcontroller.js
FN:4,(anonymous_0)
FN:14,(anonymous_1)
FN:25,(anonymous_2)
FN:39,(anonymous_3)
FNF:4
FNH:4
FNDA:1,(anonymous_0)
FNDA:1,(anonymous_1)
FNDA:1,(anonymous_2)
FNDA:1,(anonymous_3)
DA:1,1
DA:4,1
DA:5,1
DA:6,1
DA:7,1
DA:8,1
DA:9,1
DA:14,1
DA:15,1
DA:16,1
DA:17,1
DA:18,1
DA:21,0
DA:25,1
DA:26,1
DA:27,1
DA:28,1
DA:29,1
DA:30,1
DA:33,0
DA:39,1
DA:40,1
DA:41,1
DA:42,1
DA:45,0
LF:25
LH:22
BRDA:8,0,0,1
BRDA:8,0,1,0
BRDA:17,1,0,1
BRDA:17,1,1,0
BRDA:27,2,0,1
BRDA:27,2,1,0
BRDA:41,3,0,1
BRDA:41,3,1,0
BRF:8
BRH:4
end_of_record
TN:
SF:model/testmodel.js
FNF:0
FNH:0
DA:1,1
DA:2,1
DA:4,1
DA:15,1
DA:16,1
LF:5
LH:5
BRF:0
BRH:0
end_of_record
TN:
SF:route/postroute.js
FNF:0
FNH:0
DA:1,1
DA:2,1
DA:3,1
DA:6,1
DA:7,1
DA:8,1
DA:9,1
DA:12,1
LF:8
LH:8
BRF:0
BRH:0
end_of_record
